[debug] [2018-11-17T08:08:39.383Z] ----------------------------------------------------------------------
[debug] [2018-11-17T08:08:39.383Z] Command:       C:\Program Files\nodejs\node.exe C:\Users\ONI\AppData\Roaming\npm\node_modules\firebase-tools\bin\firebase serve
[debug] [2018-11-17T08:08:39.391Z] CLI Version:   4.2.1
[debug] [2018-11-17T08:08:39.391Z] Platform:      win32
[debug] [2018-11-17T08:08:39.391Z] Node Version:  v8.9.0
[debug] [2018-11-17T08:08:39.392Z] Time:          Sat Nov 17 2018 17:08:39 GMT+0900 (대한민국 표준시)
[debug] [2018-11-17T08:08:39.392Z] ----------------------------------------------------------------------
[debug] 
[debug] [2018-11-17T08:08:39.401Z] > command requires scopes: ["email","openid","https://www.googleapis.com/auth/cloudplatformprojects.readonly","https://www.googleapis.com/auth/firebase","https://www.googleapis.com/auth/cloud-platform"]
[debug] [2018-11-17T08:08:39.401Z] > authorizing via signed-in user
[debug] [2018-11-17T08:08:39.401Z] > refreshing access token with scopes: ["email","https://www.googleapis.com/auth/cloud-platform","https://www.googleapis.com/auth/cloudplatformprojects.readonly","https://www.googleapis.com/auth/firebase","openid"]
[debug] [2018-11-17T08:08:39.401Z] >>> HTTP REQUEST POST https://www.googleapis.com/oauth2/v3/token  

[debug] [2018-11-17T08:08:40.091Z] <<< HTTP RESPONSE 200
[debug] [2018-11-17T08:08:40.117Z] >>> HTTP REQUEST GET https://admin.firebase.com/v1/projects/onibase-aa4ed  
 
[debug] [2018-11-17T08:08:41.750Z] <<< HTTP RESPONSE 200
[debug] [2018-11-17T08:08:41.751Z] >>> HTTP REQUEST GET https://cloudresourcemanager.googleapis.com/v1/projects/onibase-aa4ed  
 
[debug] [2018-11-17T08:08:43.469Z] <<< HTTP RESPONSE 200
[info] 
[info] === Serving from 'C:\DEV\notworkspace\oniBase'...
[info] 
[debug] [2018-11-17T08:08:43.471Z] >>> HTTP REQUEST GET https://mobilesdk-pa.googleapis.com/v1/projects/453674709726/clients/_:getWebAppConfig  
 
[debug] [2018-11-17T08:08:44.450Z] <<< HTTP RESPONSE 200
[info] i  hosting[onibase-aa4ed]: Serving hosting files from: public
[info] +  hosting[onibase-aa4ed]: Local server: http://localhost:5000
